2021-07-13 12:24:43,578 - root - INFO - *******************test_003_Addcustomer********************
2021-07-13 12:24:43,578 - root - INFO - *******************test_003_Addcustomer********************
2021-07-13 12:24:43,578 - root - INFO - *******************test_003_Addcustomer********************
2021-07-13 12:24:43,578 - root - INFO - *******************test_003_Addcustomer********************
2021-07-13 12:24:43,578 - root - INFO - *******************test_003_Addcustomer********************
2021-07-13 12:25:02,223 - root - INFO - *******************Login  sucessful*****************
2021-07-13 12:25:02,223 - root - INFO - *******************Login  sucessful*****************
2021-07-13 12:25:02,223 - root - INFO - *******************Login  sucessful*****************
2021-07-13 12:25:02,223 - root - INFO - *******************Login  sucessful*****************
2021-07-13 12:25:02,223 - root - INFO - *******************Login  sucessful*****************
2021-07-13 12:25:02,223 - root - INFO - *********************Started Add Customer Test**************
2021-07-13 12:25:02,223 - root - INFO - *********************Started Add Customer Test**************
2021-07-13 12:25:02,223 - root - INFO - *********************Started Add Customer Test**************
2021-07-13 12:25:02,223 - root - INFO - *********************Started Add Customer Test**************
2021-07-13 12:25:02,223 - root - INFO - *********************Started Add Customer Test**************
2021-07-13 12:25:12,042 - root - INFO - ************Provied Customer Infomation***********
2021-07-13 12:25:12,042 - root - INFO - ************Provied Customer Infomation***********
2021-07-13 12:25:12,042 - root - INFO - ************Provied Customer Infomation***********
2021-07-13 12:25:12,042 - root - INFO - ************Provied Customer Infomation***********
2021-07-13 12:25:12,042 - root - INFO - ************Provied Customer Infomation***********
2021-07-13 12:25:19,790 - root - INFO - *************Save The Customer Information*********
2021-07-13 12:25:19,790 - root - INFO - *************Save The Customer Information*********
2021-07-13 12:25:19,790 - root - INFO - *************Save The Customer Information*********
2021-07-13 12:25:19,790 - root - INFO - *************Save The Customer Information*********
2021-07-13 12:25:19,790 - root - INFO - *************Save The Customer Information*********
2021-07-13 12:25:19,790 - root - INFO - ******Add Customer Validation Stated*******
2021-07-13 12:25:19,790 - root - INFO - ******Add Customer Validation Stated*******
2021-07-13 12:25:19,790 - root - INFO - ******Add Customer Validation Stated*******
2021-07-13 12:25:19,790 - root - INFO - ******Add Customer Validation Stated*******
2021-07-13 12:25:19,790 - root - INFO - ******Add Customer Validation Stated*******
2021-07-13 12:25:21,455 - root - INFO - **********Add custome Test case paased*******
2021-07-13 12:25:21,455 - root - INFO - **********Add custome Test case paased*******
2021-07-13 12:25:21,455 - root - INFO - **********Add custome Test case paased*******
2021-07-13 12:25:21,455 - root - INFO - **********Add custome Test case paased*******
2021-07-13 12:25:21,455 - root - INFO - **********Add custome Test case paased*******
2021-07-13 12:25:26,019 - root - INFO - **********Ending Add custome**************
2021-07-13 12:25:26,019 - root - INFO - **********Ending Add custome**************
2021-07-13 12:25:26,019 - root - INFO - **********Ending Add custome**************
2021-07-13 12:25:26,019 - root - INFO - **********Ending Add custome**************
2021-07-13 12:25:26,019 - root - INFO - **********Ending Add custome**************
2021-07-13 12:25:31,931 - root - INFO - login test 
2021-07-13 12:25:31,931 - root - INFO - login test 
2021-07-13 12:25:31,931 - root - INFO - login test 
2021-07-13 12:25:31,931 - root - INFO - login test 
2021-07-13 12:25:31,931 - root - INFO - login test 
2021-07-13 12:25:31,931 - root - INFO - verfiy login Test 
2021-07-13 12:25:31,931 - root - INFO - verfiy login Test 
2021-07-13 12:25:31,931 - root - INFO - verfiy login Test 
2021-07-13 12:25:31,931 - root - INFO - verfiy login Test 
2021-07-13 12:25:31,931 - root - INFO - verfiy login Test 
2021-07-13 12:25:48,418 - root - INFO - login test is passed
2021-07-13 12:25:48,418 - root - INFO - login test is passed
2021-07-13 12:25:48,418 - root - INFO - login test is passed
2021-07-13 12:25:48,418 - root - INFO - login test is passed
2021-07-13 12:25:48,418 - root - INFO - login test is passed
2021-07-13 12:34:15,446 - root - INFO - *******************test_003_Addcustomer********************
2021-07-13 12:34:15,446 - root - INFO - *******************test_003_Addcustomer********************
2021-07-13 12:34:15,446 - root - INFO - *******************test_003_Addcustomer********************
2021-07-13 12:34:15,446 - root - INFO - *******************test_003_Addcustomer********************
2021-07-13 12:34:15,446 - root - INFO - *******************test_003_Addcustomer********************
2021-07-13 12:34:27,780 - root - INFO - *******************Login  sucessful*****************
2021-07-13 12:34:27,780 - root - INFO - *******************Login  sucessful*****************
2021-07-13 12:34:27,780 - root - INFO - *******************Login  sucessful*****************
2021-07-13 12:34:27,780 - root - INFO - *******************Login  sucessful*****************
2021-07-13 12:34:27,780 - root - INFO - *******************Login  sucessful*****************
2021-07-13 12:34:27,780 - root - INFO - *********************Started Add Customer Test**************
2021-07-13 12:34:27,780 - root - INFO - *********************Started Add Customer Test**************
2021-07-13 12:34:27,780 - root - INFO - *********************Started Add Customer Test**************
2021-07-13 12:34:27,780 - root - INFO - *********************Started Add Customer Test**************
2021-07-13 12:34:27,780 - root - INFO - *********************Started Add Customer Test**************
2021-07-13 12:34:33,255 - root - INFO - ************Provied Customer Infomation***********
2021-07-13 12:34:33,255 - root - INFO - ************Provied Customer Infomation***********
2021-07-13 12:34:33,255 - root - INFO - ************Provied Customer Infomation***********
2021-07-13 12:34:33,255 - root - INFO - ************Provied Customer Infomation***********
2021-07-13 12:34:33,255 - root - INFO - ************Provied Customer Infomation***********
2021-07-13 12:34:38,325 - root - INFO - *************Save The Customer Information*********
2021-07-13 12:34:38,325 - root - INFO - *************Save The Customer Information*********
2021-07-13 12:34:38,325 - root - INFO - *************Save The Customer Information*********
2021-07-13 12:34:38,325 - root - INFO - *************Save The Customer Information*********
2021-07-13 12:34:38,325 - root - INFO - *************Save The Customer Information*********
2021-07-13 12:34:38,325 - root - INFO - ******Add Customer Validation Stated*******
2021-07-13 12:34:38,325 - root - INFO - ******Add Customer Validation Stated*******
2021-07-13 12:34:38,325 - root - INFO - ******Add Customer Validation Stated*******
2021-07-13 12:34:38,325 - root - INFO - ******Add Customer Validation Stated*******
2021-07-13 12:34:38,325 - root - INFO - ******Add Customer Validation Stated*******
2021-07-13 12:34:39,929 - root - INFO - **********Add custome Test case paased*******
2021-07-13 12:34:39,929 - root - INFO - **********Add custome Test case paased*******
2021-07-13 12:34:39,929 - root - INFO - **********Add custome Test case paased*******
2021-07-13 12:34:39,929 - root - INFO - **********Add custome Test case paased*******
2021-07-13 12:34:39,929 - root - INFO - **********Add custome Test case paased*******
2021-07-13 12:34:40,370 - root - INFO - **********Ending Add custome**************
2021-07-13 12:34:40,370 - root - INFO - **********Ending Add custome**************
2021-07-13 12:34:40,370 - root - INFO - **********Ending Add custome**************
2021-07-13 12:34:40,370 - root - INFO - **********Ending Add custome**************
2021-07-13 12:34:40,370 - root - INFO - **********Ending Add custome**************
2021-07-13 12:34:44,868 - root - INFO - login test 
2021-07-13 12:34:44,868 - root - INFO - login test 
2021-07-13 12:34:44,868 - root - INFO - login test 
2021-07-13 12:34:44,868 - root - INFO - login test 
2021-07-13 12:34:44,868 - root - INFO - login test 
2021-07-13 12:34:44,884 - root - INFO - verfiy login Test 
2021-07-13 12:34:44,884 - root - INFO - verfiy login Test 
2021-07-13 12:34:44,884 - root - INFO - verfiy login Test 
2021-07-13 12:34:44,884 - root - INFO - verfiy login Test 
2021-07-13 12:34:44,884 - root - INFO - verfiy login Test 
2021-07-13 12:34:58,033 - root - INFO - login test is passed
2021-07-13 12:34:58,033 - root - INFO - login test is passed
2021-07-13 12:34:58,033 - root - INFO - login test is passed
2021-07-13 12:34:58,033 - root - INFO - login test is passed
2021-07-13 12:34:58,033 - root - INFO - login test is passed
